\BOOKMARK [1][-]{section.1}{Teoria Elettrica}{}% 1
\BOOKMARK [2][-]{subsection.1.1}{Calcolo indice superconforme}{section.1}% 2
\BOOKMARK [3][-]{subsubsection.1.1.1}{Contributo dalla parte vettoriale}{subsection.1.1}% 3
\BOOKMARK [3][-]{subsubsection.1.1.2}{Contributo della materia nell'aggiunta}{subsection.1.1}% 4
\BOOKMARK [3][-]{subsubsection.1.1.3}{Contributo materia nella fondamentale}{subsection.1.1}% 5
\BOOKMARK [2][-]{subsection.1.2}{Formula per Indice superconforme Kutasov-Schwimmer 4d}{section.1}% 6
\BOOKMARK [2][-]{subsection.1.3}{Riduzione dell'indice alla funzione di partizione}{section.1}% 7
\BOOKMARK [3][-]{subsubsection.1.3.1}{Funzione di partizione}{subsection.1.3}% 8
\BOOKMARK [3][-]{subsubsection.1.3.2}{Contributo divergente}{subsection.1.3}% 9
\BOOKMARK [3][-]{subsubsection.1.3.3}{Funzione di partizione}{subsection.1.3}% 10
\BOOKMARK [3][-]{subsubsection.1.3.4}{Masse reali e flow senza }{subsection.1.3}% 11
\BOOKMARK [3][-]{subsubsection.1.3.5}{Limite per m }{subsection.1.3}% 12
\BOOKMARK [1][-]{section.2}{ Teoria Magnetica}{}% 13
\BOOKMARK [2][-]{subsection.2.1}{Calcolo dell'indice superconforme}{section.2}% 14
\BOOKMARK [3][-]{subsubsection.2.1.1}{Contributo dei campi chirali}{subsection.2.1}% 15
\BOOKMARK [3][-]{subsubsection.2.1.2}{Contributo dei mesoni}{subsection.2.1}% 16
\BOOKMARK [2][-]{subsection.2.2}{Indice e funzione di partizione}{section.2}% 17
\BOOKMARK [3][-]{subsubsection.2.2.1}{Espressione dell'indice}{subsection.2.2}% 18
\BOOKMARK [3][-]{subsubsection.2.2.2}{Funzione di partizione}{subsection.2.2}% 19
\BOOKMARK [2][-]{subsection.2.3}{Contributi divergenti}{section.2}% 20
\BOOKMARK [2][-]{subsection.2.4}{Formula per la funzione di partizione}{section.2}% 21
\BOOKMARK [2][-]{subsection.2.5}{Vuoti e rotture di simmetria per il limite a massa infinita}{section.2}% 22
\BOOKMARK [2][-]{subsection.2.6}{Limite sulla funzione di partizione}{section.2}% 23
\BOOKMARK [3][-]{subsubsection.2.6.1}{Mesoni}{subsection.2.6}% 24
